<?xml version="1.0" encoding="UTF-8"?>
<testsuite name="CinemaTests" tests="1" skipped="0" failures="0" errors="0" timestamp="2025-07-02T12:12:19" hostname="DESKTOP-3KVM26J" time="7.582">
  <properties/>
  <testcase name="start" classname="CinemaTests" time="7.582"/>
  <system-out><![CDATA[?[1;31m
Start test 1?[0m
?[0;34m
?[0m?[0;34m  .   ____          _            __ _ _
?[0m?[0;34m /\\ / ___'_ __ _ _(_)_ __  __ _ \ \ \ \
?[0m?[0;34m( ( )\___ | '_ | '_| | '_ \/ _` | \ \ \ \
?[0m?[0;34m \\/  ___)| |_)| | | | | || (_| |  ) ) ) )
?[0m?[0;34m  '  |____| .__|_| |_|_| |_\__, | / / / /
?[0m?[0;34m =========|_|==============|___/=/_/_/_/
?[0m?[0;34m :: Spring Boot ::                (v3.2.0)
?[0m?[0;34m
?[0m?[0;34m2025-07-02T15:12:21.408+03:00  INFO 9176 --- [    Test worker] cinema.Main                              : Starting Main using Java 17.0.10 with PID 9176 (started by Эмиль in C:\stud\Java\Cinema Room REST Service with Java\Cinema Room REST Service with Java\task)
?[0m?[0;34m2025-07-02T15:12:21.413+03:00  INFO 9176 --- [    Test worker] cinema.Main                              : No active profile set, falling back to 1 default profile: "default"
?[0m?[0;34m2025-07-02T15:12:24.537+03:00  INFO 9176 --- [    Test worker] o.s.b.w.embedded.tomcat.TomcatWebServer  : Tomcat initialized with port 28852 (http)
?[0m?[0;34m2025-07-02T15:12:24.568+03:00  INFO 9176 --- [    Test worker] o.apache.catalina.core.StandardService   : Starting service [Tomcat]
?[0m?[0;34m2025-07-02T15:12:24.570+03:00  INFO 9176 --- [    Test worker] o.apache.catalina.core.StandardEngine    : Starting Servlet engine: [Apache Tomcat/10.1.16]
?[0m?[0;34m2025-07-02T15:12:24.717+03:00  INFO 9176 --- [    Test worker] o.a.c.c.C.[Tomcat].[localhost].[/]       : Initializing Spring embedded WebApplicationContext
?[0m?[0;34m2025-07-02T15:12:24.722+03:00  INFO 9176 --- [    Test worker] w.s.c.ServletWebServerApplicationContext : Root WebApplicationContext: initialization completed in 3213 ms
?[0m?[0;34m2025-07-02T15:12:25.943+03:00  INFO 9176 --- [    Test worker] o.s.b.a.e.web.EndpointLinksResolver      : Exposing 14 endpoint(s) beneath base path '/actuator'
?[0m?[0;34m2025-07-02T15:12:26.073+03:00  INFO 9176 --- [    Test worker] o.s.b.w.embedded.tomcat.TomcatWebServer  : Tomcat started on port 28852 (http) with context path ''
?[0m?[0;34m2025-07-02T15:12:26.094+03:00  INFO 9176 --- [    Test worker] cinema.Main                              : Started Main in 5.561 seconds (process running for 7.193)
?[0;34m2025-07-02T15:12:26.866+03:00  INFO 9176 --- [io-28852-exec-1] o.a.c.c.C.[Tomcat].[localhost].[/]       : Initializing Spring DispatcherServlet 'dispatcherServlet'
?[0m?[0;34m2025-07-02T15:12:26.867+03:00  INFO 9176 --- [io-28852-exec-1] o.s.web.servlet.DispatcherServlet        : Initializing Servlet 'dispatcherServlet'
?[0m?[0;34m2025-07-02T15:12:26.873+03:00  INFO 9176 --- [io-28852-exec-1] o.s.web.servlet.DispatcherServlet        : Completed initialization in 3 ms
?[0m?[1;31m
Start test 2?[0m
?[1;31m
Start test 3?[0m
?[1;31m
Start test 4?[0m
?[1;31m
Start test 5?[0m
]]></system-out>
  <system-err><![CDATA[]]></system-err>
</testsuite>
