<?xml version="1.0" encoding="UTF-8"?>
<testsuite name="CinemaTests" tests="1" skipped="0" failures="0" errors="0" timestamp="2025-07-01T10:20:00" hostname="DESKTOP-3KVM26J" time="12.777">
  <properties/>
  <testcase name="start" classname="CinemaTests" time="12.777"/>
  <system-out><![CDATA[?[1;31m
Start test 1?[0m
?[0;34m
?[0m?[0;34m  .   ____          _            __ _ _
?[0m?[0;34m /\\ / ___'_ __ _ _(_)_ __  __ _ \ \ \ \
?[0m?[0;34m( ( )\___ | '_ | '_| | '_ \/ _` | \ \ \ \
?[0m?[0;34m \\/  ___)| |_)| | | | | || (_| |  ) ) ) )
?[0m?[0;34m  '  |____| .__|_| |_|_| |_\__, | / / / /
?[0m?[0;34m =========|_|==============|___/=/_/_/_/
?[0m?[0;34m :: Spring Boot ::                (v3.2.0)
?[0m?[0;34m
?[0m?[0;34m2025-07-01T13:20:03.598+03:00  INFO 15020 --- [    Test worker] cinema.Main                              : Starting Main using Java 17.0.10 with PID 15020 (started by Эмиль in C:\stud\Java\Cinema Room REST Service with Java\Cinema Room REST Service with Java\task)
?[0m?[0;34m2025-07-01T13:20:03.607+03:00  INFO 15020 --- [    Test worker] cinema.Main                              : No active profile set, falling back to 1 default profile: "default"
?[0m?[0;34m2025-07-01T13:20:09.265+03:00  INFO 15020 --- [    Test worker] o.s.b.w.embedded.tomcat.TomcatWebServer  : Tomcat initialized with port 28852 (http)
?[0m?[0;34m2025-07-01T13:20:09.308+03:00  INFO 15020 --- [    Test worker] o.apache.catalina.core.StandardService   : Starting service [Tomcat]
?[0m?[0;34m2025-07-01T13:20:09.309+03:00  INFO 15020 --- [    Test worker] o.apache.catalina.core.StandardEngine    : Starting Servlet engine: [Apache Tomcat/10.1.16]
?[0m?[0;34m2025-07-01T13:20:09.504+03:00  INFO 15020 --- [    Test worker] o.a.c.c.C.[Tomcat].[localhost].[/]       : Initializing Spring embedded WebApplicationContext
?[0m?[0;34m2025-07-01T13:20:09.511+03:00  INFO 15020 --- [    Test worker] w.s.c.ServletWebServerApplicationContext : Root WebApplicationContext: initialization completed in 5694 ms
?[0m?[0;34m2025-07-01T13:20:12.179+03:00  INFO 15020 --- [    Test worker] o.s.b.a.e.web.EndpointLinksResolver      : Exposing 14 endpoint(s) beneath base path '/actuator'
?[0m?[0;34m2025-07-01T13:20:12.322+03:00  INFO 15020 --- [    Test worker] o.s.b.w.embedded.tomcat.TomcatWebServer  : Tomcat started on port 28852 (http) with context path ''
?[0m?[0;34m2025-07-01T13:20:12.355+03:00  INFO 15020 --- [    Test worker] cinema.Main                              : Started Main in 10.537 seconds (process running for 13.769)
?[0m?[0;34mnCols = 9
?[0m?[0;34mnRows = 9
?[0m?[0;34m9
?[0;34m2025-07-01T13:20:13.264+03:00  INFO 15020 --- [io-28852-exec-1] o.a.c.c.C.[Tomcat].[localhost].[/]       : Initializing Spring DispatcherServlet 'dispatcherServlet'
?[0m?[0;34m2025-07-01T13:20:13.265+03:00  INFO 15020 --- [io-28852-exec-1] o.s.web.servlet.DispatcherServlet        : Initializing Servlet 'dispatcherServlet'
?[0m?[0;34m2025-07-01T13:20:13.270+03:00  INFO 15020 --- [io-28852-exec-1] o.s.web.servlet.DispatcherServlet        : Completed initialization in 4 ms
?[0m?[1;31m
Start test 2?[0m
]]></system-out>
  <system-err><![CDATA[]]></system-err>
</testsuite>
